[2025-11-03 16:36:37] === 回调触发 ===
[2025-11-03 16:36:37] POST=[]
[2025-11-03 16:36:38] 数据库连接成功: mysql:host=121.204.249.166;port=3306;dbname=FLServerDB;charset=latin1
[2025-11-03 16:36:38] 接收参数={
    "money": "1",
    "out_trade_no": "ORD20251103151434534ffcb123c174a7",
    "pid": "10019",
    "sign": "5567e7288a80069389325ac1727c43e8",
    "sign_type": "MD5",
    "trade_no": "20251103151436467896",
    "trade_status": "TRADE_SUCCESS",
    "type": "alipay"
}
[2025-11-03 16:36:38] 签名本地=5567e7288a80069389325ac1727c43e8, 接收=5567e7288a80069389325ac1727c43e8
[2025-11-03 16:36:38] 找到订单: {"ID":"70","TID":"ORD20251103151434534ffcb123c174a7","UID":"4345","ACCOUNT":"236864889@qq.com","CHANNEL":"epay","AMOUNT":"100","POINTS":"100000","STATUS":"1","CREATED_AT":"2025-11-03 15:14:02","PAID_AT":null,"TRADE_NO":null}
[2025-11-03 16:36:38] 开始入账事务...
[2025-11-03 16:36:38] 更新POINTBONUS0000成功, 新点数=100000
[2025-11-03 16:36:38] 插入CONSUMELOG0000成功
[2025-11-03 16:36:38] 更新RECHARGEORDERS状态成功
[2025-11-03 16:36:38] 事务提交完成 ✅
[2025-11-03 16:36:38] 最终返回={"ok":true,"msg":"\u5165\u8d26\u6210\u529f","tid":"ORD20251103151434534ffcb123c174a7","points":"100000","account":"236864889@qq.com"}
